<?xml version="1.0" encoding="UTF-8"?>
<!-- Generated by org.testng.reporters.JUnitXMLReporter -->
<testsuite ignored="0" hostname="DESKTOP-F44VBTV" failures="0" tests="4" name="AddCustomer" time="39.441" errors="0" timestamp="2023-02-14T10:39:38 IST">
  <testcase classname="testcases.AddCustomerTest" name="addCustomer" time="5.387"/>
  <testcase classname="testcases.AddCustomerTest" name="addCustomer" time="0.301">
    <skipped/>
  </testcase> <!-- addCustomer -->
  <testcase classname="testcases.AddCustomerTest" name="verifyAddcustomerButton" time="0.004"/>
  <testcase classname="testcases.AddCustomerTest" name="verifyfields" time="0.002"/>
</testsuite> <!-- AddCustomer -->
