<?xml version="1.0" encoding="UTF-8"?>
<!-- Generated by org.testng.reporters.JUnitXMLReporter -->
<testsuite ignored="0" hostname="DESKTOP-F44VBTV" failures="0" tests="3" name="OpenAccount" time="14.325" errors="0" timestamp="2023-02-14T10:39:53 IST">
  <testcase classname="testcases.OpenAccountTest" name="openAccount" time="0.158">
    <skipped/>
  </testcase> <!-- openAccount -->
  <testcase classname="testcases.OpenAccountTest" name="openAccount" time="0.09">
    <skipped/>
  </testcase> <!-- openAccount -->
  <testcase classname="testcases.OpenAccountTest" name="openAccount" time="0.085">
    <skipped/>
  </testcase> <!-- openAccount -->
</testsuite> <!-- OpenAccount -->
