<?xml version="1.0" encoding="UTF-8"?>
<!-- Generated by org.testng.reporters.JUnitXMLReporter -->
<testsuite ignored="0" hostname="DESKTOP-F44VBTV" failures="0" tests="4" name="AddCustomer" time="19.424" errors="0" timestamp="2023-02-22T21:55:10 IST">
  <testcase classname="testcases.AddCustomerTest" name="addCustomer" time="1.844"/>
  <testcase classname="testcases.AddCustomerTest" name="addCustomer" time="10.88"/>
  <testcase classname="testcases.AddCustomerTest" name="verifyAddcustomerButton" time="0.002"/>
  <testcase classname="testcases.AddCustomerTest" name="verifyfields" time="0.013"/>
</testsuite> <!-- AddCustomer -->
