<?xml version="1.0" encoding="UTF-8"?>
<!-- Generated by org.testng.reporters.JUnitXMLReporter -->
<testsuite ignored="0" hostname="DESKTOP-F44VBTV" failures="0" tests="2" name="AddCustomer" time="21.147" errors="0" timestamp="2023-02-08T22:53:26 IST">
  <testcase classname="testcases.AddCustomerTest" name="addCustomer" time="10.597"/>
  <testcase classname="testcases.AddCustomerTest" name="addCustomer" time="0.199">
    <skipped/>
  </testcase> <!-- addCustomer -->
</testsuite> <!-- AddCustomer -->
