<?xml version="1.0" encoding="UTF-8"?>
<!-- Generated by org.testng.reporters.JUnitXMLReporter -->
<testsuite ignored="0" hostname="DESKTOP-F44VBTV" failures="0" tests="3" name="OpenAccount" time="20.96" errors="0" timestamp="2023-02-08T22:53:47 IST">
  <testcase classname="testcases.OpenAccountTest" name="openAccount" time="2.165"/>
  <testcase classname="testcases.OpenAccountTest" name="openAccount" time="10.831"/>
  <testcase classname="testcases.OpenAccountTest" name="openAccount" time="0.087">
    <skipped/>
  </testcase> <!-- openAccount -->
</testsuite> <!-- OpenAccount -->
