<?xml version="1.0" encoding="UTF-8"?>
<testng-results ignored="0" total="7" passed="7" failed="0" skipped="0">
  <reporter-output>
    <line>
      <![CDATA[Click on Bank_Manager_Login_Button]]>
    </line>
    <line>
      <![CDATA[test passed]]>
    </line>
    <line>
      <![CDATA[Click on Bank_Manager_Login_Button]]>
    </line>
    <line>
      <![CDATA[Click on Add_Customer_Button]]>
    </line>
    <line>
      <![CDATA[Enter < test1 > in firstname]]>
    </line>
    <line>
      <![CDATA[Enter < check1 > in lastname]]>
    </line>
    <line>
      <![CDATA[Enter < 123456 > in postcode]]>
    </line>
    <line>
      <![CDATA[Click on Add_Customer_Button]]>
    </line>
    <line>
      <![CDATA[test passed]]>
    </line>
    <line>
      <![CDATA[Click on Add_Customer_Button]]>
    </line>
    <line>
      <![CDATA[Enter < test2 > in firstname]]>
    </line>
    <line>
      <![CDATA[Enter < check2 > in lastname]]>
    </line>
    <line>
      <![CDATA[Enter < 654321 > in postcode]]>
    </line>
    <line>
      <![CDATA[Click on Add_Customer_Button]]>
    </line>
    <line>
      <![CDATA[test passed]]>
    </line>
    <line>
      <![CDATA[Click on Bank_Manager_Login_Button]]>
    </line>
    <line>
      <![CDATA[Click on Open_Account_Button]]>
    </line>
    <line>
      <![CDATA[Click on Open_Account_Button]]>
    </line>
  </reporter-output>
  <suite started-at="2023-02-22T21:54:39 IST" name="Suite" finished-at="2023-02-22T21:55:29 IST" duration-ms="49371">
    <groups>
    </groups>
    <test started-at="2023-02-22T21:54:39 IST" name="LoginTest" finished-at="2023-02-22T21:54:50 IST" duration-ms="10943">
      <class name="testcases.LoginTest">
        <test-method is-config="true" signature="setUp(java.lang.String)[pri:0, instance:testcases.LoginTest@14555e0a]" started-at="2023-02-22T21:54:39 IST" name="setUp" finished-at="2023-02-22T21:54:48 IST" duration-ms="8643" status="PASS">
          <params>
            <param index="0">
              <value>
                <![CDATA[edge]]>
              </value>
            </param>
          </params>
          <reporter-output>
          </reporter-output>
        </test-method> <!-- setUp -->
        <test-method is-config="true" signature="excelFileSetup()[pri:0, instance:testcases.LoginTest@14555e0a]" started-at="2023-02-22T21:54:48 IST" name="excelFileSetup" finished-at="2023-02-22T21:54:49 IST" depends-on-methods="base.TestBase.setUp" duration-ms="1450" status="PASS">
          <reporter-output>
          </reporter-output>
        </test-method> <!-- excelFileSetup -->
        <test-method is-config="true" signature="context(org.testng.ITestContext)[pri:0, instance:testcases.LoginTest@14555e0a]" started-at="2023-02-22T21:54:49 IST" name="context" finished-at="2023-02-22T21:54:49 IST" depends-on-methods="base.TestBase.excelFileSetup" duration-ms="3" status="PASS">
          <params>
            <param index="0">
              <value>
                <![CDATA[org.testng.TestRunner@4351ed61]]>
              </value>
            </param>
          </params>
          <reporter-output>
          </reporter-output>
        </test-method> <!-- context -->
        <test-method signature="managerLogin()[pri:0, instance:testcases.LoginTest@14555e0a]" started-at="2023-02-22T21:54:50 IST" name="managerLogin" finished-at="2023-02-22T21:54:50 IST" duration-ms="380" status="PASS">
          <reporter-output>
            <line>
              <![CDATA[Click on Bank_Manager_Login_Button]]>
            </line>
            <line>
              <![CDATA[test passed]]>
            </line>
          </reporter-output>
        </test-method> <!-- managerLogin -->
        <test-method is-config="true" signature="tearDown()[pri:0, instance:testcases.LoginTest@14555e0a]" started-at="2023-02-22T21:54:50 IST" name="tearDown" finished-at="2023-02-22T21:54:50 IST" duration-ms="389" status="PASS">
          <reporter-output>
          </reporter-output>
        </test-method> <!-- tearDown -->
      </class> <!-- testcases.LoginTest -->
    </test> <!-- LoginTest -->
    <test started-at="2023-02-22T21:54:51 IST" name="AddCustomer" finished-at="2023-02-22T21:55:10 IST" duration-ms="19424">
      <class name="testcases.AddCustomerTest">
        <test-method is-config="true" signature="setUp(java.lang.String)[pri:0, instance:testcases.AddCustomerTest@2f217633]" started-at="2023-02-22T21:54:51 IST" name="setUp" finished-at="2023-02-22T21:54:57 IST" duration-ms="5952" status="PASS">
          <params>
            <param index="0">
              <value>
                <![CDATA[edge]]>
              </value>
            </param>
          </params>
          <reporter-output>
          </reporter-output>
        </test-method> <!-- setUp -->
        <test-method is-config="true" signature="excelFileSetup()[pri:0, instance:testcases.AddCustomerTest@2f217633]" started-at="2023-02-22T21:54:57 IST" name="excelFileSetup" finished-at="2023-02-22T21:54:57 IST" depends-on-methods="base.TestBase.setUp" duration-ms="106" status="PASS">
          <reporter-output>
          </reporter-output>
        </test-method> <!-- excelFileSetup -->
        <test-method is-config="true" signature="context(org.testng.ITestContext)[pri:0, instance:testcases.AddCustomerTest@2f217633]" started-at="2023-02-22T21:54:57 IST" name="context" finished-at="2023-02-22T21:54:57 IST" depends-on-methods="base.TestBase.excelFileSetup" duration-ms="0" status="PASS">
          <params>
            <param index="0">
              <value>
                <![CDATA[org.testng.TestRunner@2f20f7ad]]>
              </value>
            </param>
          </params>
          <reporter-output>
          </reporter-output>
        </test-method> <!-- context -->
        <test-method signature="addCustomer(java.lang.String,java.lang.String,java.lang.Double,java.lang.String,java.lang.String)[pri:0, instance:testcases.AddCustomerTest@2f217633]" started-at="2023-02-22T21:54:57 IST" name="addCustomer" data-provider="dataprovider" finished-at="2023-02-22T21:54:59 IST" duration-ms="1844" status="PASS">
          <params>
            <param index="0">
              <value>
                <![CDATA[test1]]>
              </value>
            </param>
            <param index="1">
              <value>
                <![CDATA[check1]]>
              </value>
            </param>
            <param index="2">
              <value>
                <![CDATA[123456.0]]>
              </value>
            </param>
            <param index="3">
              <value>
                <![CDATA[Customer added successfully with customer id :]]>
              </value>
            </param>
            <param index="4">
              <value>
                <![CDATA[yes]]>
              </value>
            </param>
          </params>
          <reporter-output>
            <line>
              <![CDATA[Click on Bank_Manager_Login_Button]]>
            </line>
            <line>
              <![CDATA[Click on Add_Customer_Button]]>
            </line>
            <line>
              <![CDATA[Enter < test1 > in firstname]]>
            </line>
            <line>
              <![CDATA[Enter < check1 > in lastname]]>
            </line>
            <line>
              <![CDATA[Enter < 123456 > in postcode]]>
            </line>
            <line>
              <![CDATA[Click on Add_Customer_Button]]>
            </line>
            <line>
              <![CDATA[test passed]]>
            </line>
          </reporter-output>
        </test-method> <!-- addCustomer -->
        <test-method signature="addCustomer(java.lang.String,java.lang.String,java.lang.Double,java.lang.String,java.lang.String)[pri:0, instance:testcases.AddCustomerTest@2f217633]" started-at="2023-02-22T21:54:59 IST" name="addCustomer" data-provider="dataprovider" finished-at="2023-02-22T21:55:10 IST" duration-ms="10880" status="PASS">
          <params>
            <param index="0">
              <value>
                <![CDATA[test2]]>
              </value>
            </param>
            <param index="1">
              <value>
                <![CDATA[check2]]>
              </value>
            </param>
            <param index="2">
              <value>
                <![CDATA[654321.0]]>
              </value>
            </param>
            <param index="3">
              <value>
                <![CDATA[Customer added successfully with customer id :]]>
              </value>
            </param>
            <param index="4">
              <value>
                <![CDATA[yes]]>
              </value>
            </param>
          </params>
          <reporter-output>
            <line>
              <![CDATA[Click on Add_Customer_Button]]>
            </line>
            <line>
              <![CDATA[Enter < test2 > in firstname]]>
            </line>
            <line>
              <![CDATA[Enter < check2 > in lastname]]>
            </line>
            <line>
              <![CDATA[Enter < 654321 > in postcode]]>
            </line>
            <line>
              <![CDATA[Click on Add_Customer_Button]]>
            </line>
            <line>
              <![CDATA[test passed]]>
            </line>
          </reporter-output>
        </test-method> <!-- addCustomer -->
        <test-method signature="verifyAddcustomerButton()[pri:0, instance:testcases.AddCustomerTest@2f217633]" started-at="2023-02-22T21:55:10 IST" name="verifyAddcustomerButton" finished-at="2023-02-22T21:55:10 IST" duration-ms="2" status="PASS">
          <reporter-output>
          </reporter-output>
        </test-method> <!-- verifyAddcustomerButton -->
        <test-method signature="verifyfields()[pri:0, instance:testcases.AddCustomerTest@2f217633]" started-at="2023-02-22T21:55:10 IST" name="verifyfields" finished-at="2023-02-22T21:55:10 IST" duration-ms="13" status="PASS">
          <reporter-output>
          </reporter-output>
        </test-method> <!-- verifyfields -->
        <test-method is-config="true" signature="tearDown()[pri:0, instance:testcases.AddCustomerTest@2f217633]" started-at="2023-02-22T21:55:10 IST" name="tearDown" finished-at="2023-02-22T21:55:10 IST" duration-ms="453" status="PASS">
          <reporter-output>
          </reporter-output>
        </test-method> <!-- tearDown -->
      </class> <!-- testcases.AddCustomerTest -->
    </test> <!-- AddCustomer -->
    <test started-at="2023-02-22T21:55:10 IST" name="OpenAccount" finished-at="2023-02-22T21:55:29 IST" duration-ms="18348">
      <class name="testcases.OpenAccountTest">
        <test-method is-config="true" signature="setUp(java.lang.String)[pri:0, instance:testcases.OpenAccountTest@4738a206]" started-at="2023-02-22T21:55:10 IST" name="setUp" finished-at="2023-02-22T21:55:17 IST" duration-ms="6729" status="PASS">
          <params>
            <param index="0">
              <value>
                <![CDATA[edge]]>
              </value>
            </param>
          </params>
          <reporter-output>
          </reporter-output>
        </test-method> <!-- setUp -->
        <test-method is-config="true" signature="excelFileSetup()[pri:0, instance:testcases.OpenAccountTest@4738a206]" started-at="2023-02-22T21:55:17 IST" name="excelFileSetup" finished-at="2023-02-22T21:55:17 IST" depends-on-methods="base.TestBase.setUp" duration-ms="96" status="PASS">
          <reporter-output>
          </reporter-output>
        </test-method> <!-- excelFileSetup -->
        <test-method is-config="true" signature="context(org.testng.ITestContext)[pri:0, instance:testcases.OpenAccountTest@4738a206]" started-at="2023-02-22T21:55:17 IST" name="context" finished-at="2023-02-22T21:55:17 IST" depends-on-methods="base.TestBase.excelFileSetup" duration-ms="1" status="PASS">
          <params>
            <param index="0">
              <value>
                <![CDATA[org.testng.TestRunner@45e617c4]]>
              </value>
            </param>
          </params>
          <reporter-output>
          </reporter-output>
        </test-method> <!-- context -->
        <test-method signature="openAccount(java.lang.String,java.lang.String,java.lang.String)[pri:0, instance:testcases.OpenAccountTest@4738a206]" started-at="2023-02-22T21:55:17 IST" name="openAccount" data-provider="dataprovider" finished-at="2023-02-22T21:55:18 IST" duration-ms="636" status="PASS">
          <params>
            <param index="0">
              <value>
                <![CDATA[test1]]>
              </value>
            </param>
            <param index="1">
              <value>
                <![CDATA[Rupee]]>
              </value>
            </param>
            <param index="2">
              <value>
                <![CDATA[yes]]>
              </value>
            </param>
          </params>
          <reporter-output>
            <line>
              <![CDATA[Click on Bank_Manager_Login_Button]]>
            </line>
            <line>
              <![CDATA[Click on Open_Account_Button]]>
            </line>
          </reporter-output>
        </test-method> <!-- openAccount -->
        <test-method signature="openAccount(java.lang.String,java.lang.String,java.lang.String)[pri:0, instance:testcases.OpenAccountTest@4738a206]" started-at="2023-02-22T21:55:18 IST" name="openAccount" data-provider="dataprovider" finished-at="2023-02-22T21:55:28 IST" duration-ms="10250" status="PASS">
          <params>
            <param index="0">
              <value>
                <![CDATA[test2]]>
              </value>
            </param>
            <param index="1">
              <value>
                <![CDATA[Pound]]>
              </value>
            </param>
            <param index="2">
              <value>
                <![CDATA[yes]]>
              </value>
            </param>
          </params>
          <reporter-output>
            <line>
              <![CDATA[Click on Open_Account_Button]]>
            </line>
          </reporter-output>
        </test-method> <!-- openAccount -->
        <test-method is-config="true" signature="tearDown()[pri:0, instance:testcases.OpenAccountTest@4738a206]" started-at="2023-02-22T21:55:28 IST" name="tearDown" finished-at="2023-02-22T21:55:29 IST" duration-ms="564" status="PASS">
          <reporter-output>
          </reporter-output>
        </test-method> <!-- tearDown -->
      </class> <!-- testcases.OpenAccountTest -->
    </test> <!-- OpenAccount -->
  </suite> <!-- Suite -->
</testng-results>
